<?xml version="1.0" encoding="UTF-8"?>
<!-- Generated by org.testng.reporters.JUnitReportReporter -->
<testsuite hostname="DESKTOP-QDVRERG" failures="0" tests="1" name="executeClass.ExecuteExpenseCategoryPage" time="21.116" errors="0" timestamp="2022-05-17T16:25:14 IST" skipped="0">
  <testcase classname="executeClass.ExecuteExpenseCategoryPage" name="verifyTheDeleteFuncionality" time="21.116"/>
  <system-out/>
</testsuite> <!-- executeClass.ExecuteExpenseCategoryPage -->
