<?xml version="1.0" encoding="UTF-8"?>
<!-- Generated by org.testng.reporters.JUnitReportReporter -->
<testsuite hostname="DESKTOP-QDVRERG" failures="0" tests="3" name="executeClass.ExecuteLoginPage" time="82.253" errors="0" timestamp="2022-05-17T15:15:18 IST" skipped="0">
  <testcase classname="executeClass.ExecuteLoginPage" name="verifyTheLoginPageWithURL" time="34.136"/>
  <system-out/>
  <testcase classname="executeClass.ExecuteLoginPage" name="isRememberMeCheckBoxSelected" time="13.430"/>
  <system-out/>
  <testcase classname="executeClass.ExecuteLoginPage" name="verifySuccessfullLogin" time="34.687"/>
  <system-out/>
</testsuite> <!-- executeClass.ExecuteLoginPage -->
