<?xml version="1.0" encoding="UTF-8"?>
<!-- Generated by org.testng.reporters.JUnitReportReporter -->
<testsuite hostname="DESKTOP-QDVRERG" failures="0" tests="15" name="executeClass.ExecuteManageUserPage" time="155.587" errors="0" timestamp="2022-05-18T12:12:44 IST" skipped="0">
  <testcase classname="executeClass.ExecuteManageUserPage" name="verifyManageUserPage" time="11.458"/>
  <system-out/>
  <testcase classname="executeClass.ExecuteManageUserPage" name="isSearchButtonOnManageUserPageEnabled" time="8.576"/>
  <system-out/>
  <testcase classname="executeClass.ExecuteManageUserPage" name="verifyTheSearchFunctionality" time="9.875"/>
  <system-out/>
  <testcase classname="executeClass.ExecuteManageUserPage" name="isShowDetailsPushMenuArrowEnabled" time="14.079"/>
  <system-out/>
  <testcase classname="executeClass.ExecuteManageUserPage" name="isPasswordDisplayedOrNotAfterTheClickOnShowDetails" time="11.303"/>
  <system-out/>
  <testcase classname="executeClass.ExecuteManageUserPage" name="isUserStusActive" time="12.049"/>
  <system-out/>
  <testcase classname="executeClass.ExecuteManageUserPage" name="isStatusButtonUnlocked" time="8.890"/>
  <system-out/>
  <testcase classname="executeClass.ExecuteManageUserPage" name="verifyAfterClickOnActiveButtonUserStatusChangedToInactive" time="11.655"/>
  <system-out/>
  <testcase classname="executeClass.ExecuteManageUserPage" name="isStatusButtonLocked" time="11.662"/>
  <system-out/>
  <testcase classname="executeClass.ExecuteManageUserPage" name="isDeleteButtonDisplayed" time="9.524"/>
  <system-out/>
  <testcase classname="executeClass.ExecuteManageUserPage" name="isResetButtonEnabled" time="7.734"/>
  <system-out/>
  <testcase classname="executeClass.ExecuteManageUserPage" name="isTheFirstPageOfTheUseListDisplayedAfterclickOnResetButton" time="10.170"/>
  <system-out/>
  <testcase classname="executeClass.ExecuteManageUserPage" name="isFooterDisplayedOrNot" time="9.542"/>
  <system-out/>
  <testcase classname="executeClass.ExecuteManageUserPage" name="isLogOutButtonVisible" time="10.567"/>
  <system-out/>
  <testcase classname="executeClass.ExecuteManageUserPage" name="verifySuccessfullyLoggedOut" time="8.503"/>
  <system-out/>
</testsuite> <!-- executeClass.ExecuteManageUserPage -->
