<?xml version="1.0" encoding="UTF-8"?>
<!-- Generated by org.testng.reporters.JUnitReportReporter -->
<testsuite hostname="DESKTOP-QDVRERG" failures="0" tests="1" name="executeClass.ExecuteDashBoardPage" time="21.865" errors="0" timestamp="2022-05-18T12:28:08 IST" skipped="0">
  <testcase classname="executeClass.ExecuteDashBoardPage" name="verifyTheUserID" time="21.865"/>
  <system-out/>
</testsuite> <!-- executeClass.ExecuteDashBoardPage -->
