<?xml version="1.0" encoding="UTF-8"?>
<!-- Generated by org.testng.reporters.JUnitReportReporter -->
<testsuite hostname="DESKTOP-QDVRERG" failures="0" tests="31" name="executeClass.ExecuteManageUserPage" time="466.182" errors="1" timestamp="18 May 2022 11:31:15 GMT" skipped="15">
  <testcase classname="executeClass.ExecuteManageUserPage" name="beforeMethod" time="0.026">
    <error message="The driver executable must exist: C:\Users\Admin\git\FinalProjectRepository\com.supermarketProjectnull" type="java.lang.IllegalStateException">
      <![CDATA[java.lang.IllegalStateException: The driver executable must exist: C:\Users\Admin\git\FinalProjectRepository\com.supermarketProjectnull
at org.openqa.selenium.internal.Require$FileStateChecker.isFile(Require.java:342)
at org.openqa.selenium.remote.service.DriverService.checkExecutable(DriverService.java:147)
at org.openqa.selenium.remote.service.DriverService.findExecutable(DriverService.java:142)
at org.openqa.selenium.edge.EdgeDriverService.access$000(EdgeDriverService.java:40)
at org.openqa.selenium.edge.EdgeDriverService$Builder.findDefaultExecutable(EdgeDriverService.java:171)
at org.openqa.selenium.remote.service.DriverService$Builder.build(DriverService.java:437)
at org.openqa.selenium.edge.EdgeDriver.<init>(EdgeDriver.java:44)
at org.openqa.selenium.edge.EdgeDriver.<init>(EdgeDriver.java:41)
at executeClass.BaseClass.beforeMethod(BaseClass.java:48)
at java.base/jdk.internal.reflect.NativeMethodAccessorImpl.invoke0(Native Method)
at java.base/jdk.internal.reflect.NativeMethodAccessorImpl.invoke(NativeMethodAccessorImpl.java:77)
at java.base/jdk.internal.reflect.DelegatingMethodAccessorImpl.invoke(DelegatingMethodAccessorImpl.java:43)
at java.base/java.lang.reflect.Method.invoke(Method.java:568)
at org.testng.internal.MethodInvocationHelper.invokeMethod(MethodInvocationHelper.java:124)
at org.testng.internal.MethodInvocationHelper.invokeMethodConsideringTimeout(MethodInvocationHelper.java:59)
at org.testng.internal.Invoker.invokeConfigurationMethod(Invoker.java:458)
at org.testng.internal.Invoker.invokeConfigurations(Invoker.java:222)
at org.testng.internal.Invoker.invokeMethod(Invoker.java:523)
at org.testng.internal.Invoker.invokeTestMethod(Invoker.java:719)
at org.testng.internal.Invoker.invokeTestMethods(Invoker.java:989)
at org.testng.internal.TestMethodWorker.invokeTestMethods(TestMethodWorker.java:125)
at org.testng.internal.TestMethodWorker.run(TestMethodWorker.java:109)
at org.testng.TestRunner.privateRun(TestRunner.java:648)
at org.testng.TestRunner.run(TestRunner.java:505)
at org.testng.SuiteRunner.runTest(SuiteRunner.java:455)
at org.testng.SuiteRunner.access$000(SuiteRunner.java:40)
at org.testng.SuiteRunner$SuiteWorker.run(SuiteRunner.java:489)
at org.testng.internal.thread.ThreadUtil$1.call(ThreadUtil.java:52)
at java.base/java.util.concurrent.FutureTask.run(FutureTask.java:264)
at java.base/java.util.concurrent.ThreadPoolExecutor.runWorker(ThreadPoolExecutor.java:1136)
at java.base/java.util.concurrent.ThreadPoolExecutor$Worker.run(ThreadPoolExecutor.java:635)
at java.base/java.lang.Thread.run(Thread.java:833)
]]>
    </error>
  </testcase> <!-- beforeMethod -->
  <testcase classname="executeClass.ExecuteManageUserPage" name="verifyManageUserPage" time="0.000">
    <skipped/>
  </testcase> <!-- verifyManageUserPage -->
  <testcase classname="executeClass.ExecuteManageUserPage" name="verifyManageUserPage" time="46.759"/>
  <testcase classname="executeClass.ExecuteManageUserPage" name="isSearchButtonOnManageUserPageEnabled" time="0.000">
    <skipped/>
  </testcase> <!-- isSearchButtonOnManageUserPageEnabled -->
  <testcase classname="executeClass.ExecuteManageUserPage" name="isSearchButtonOnManageUserPageEnabled" time="18.267"/>
  <testcase classname="executeClass.ExecuteManageUserPage" name="verifyTheSearchFunctionality" time="0.000">
    <skipped/>
  </testcase> <!-- verifyTheSearchFunctionality -->
  <testcase classname="executeClass.ExecuteManageUserPage" name="verifyTheSearchFunctionality" time="21.707"/>
  <testcase classname="executeClass.ExecuteManageUserPage" name="isShowDetailsPushMenuArrowEnabled" time="0.000">
    <skipped/>
  </testcase> <!-- isShowDetailsPushMenuArrowEnabled -->
  <testcase classname="executeClass.ExecuteManageUserPage" name="isShowDetailsPushMenuArrowEnabled" time="22.903"/>
  <testcase classname="executeClass.ExecuteManageUserPage" name="isPasswordDisplayedOrNotAfterTheClickOnShowDetails" time="42.157"/>
  <testcase classname="executeClass.ExecuteManageUserPage" name="isPasswordDisplayedOrNotAfterTheClickOnShowDetails" time="0.000">
    <skipped/>
  </testcase> <!-- isPasswordDisplayedOrNotAfterTheClickOnShowDetails -->
  <testcase classname="executeClass.ExecuteManageUserPage" name="isUserStusActive" time="56.584"/>
  <testcase classname="executeClass.ExecuteManageUserPage" name="isUserStusActive" time="0.000">
    <skipped/>
  </testcase> <!-- isUserStusActive -->
  <testcase classname="executeClass.ExecuteManageUserPage" name="isStatusButtonUnlocked" time="0.000">
    <skipped/>
  </testcase> <!-- isStatusButtonUnlocked -->
  <testcase classname="executeClass.ExecuteManageUserPage" name="isStatusButtonUnlocked" time="19.764"/>
  <testcase classname="executeClass.ExecuteManageUserPage" name="verifyAfterClickOnActiveButtonUserStatusChangedToInactive" time="0.000">
    <skipped/>
  </testcase> <!-- verifyAfterClickOnActiveButtonUserStatusChangedToInactive -->
  <testcase classname="executeClass.ExecuteManageUserPage" name="verifyAfterClickOnActiveButtonUserStatusChangedToInactive" time="40.614"/>
  <testcase classname="executeClass.ExecuteManageUserPage" name="isStatusButtonLocked" time="0.000">
    <skipped/>
  </testcase> <!-- isStatusButtonLocked -->
  <testcase classname="executeClass.ExecuteManageUserPage" name="isStatusButtonLocked" time="26.900"/>
  <testcase classname="executeClass.ExecuteManageUserPage" name="isDeleteButtonDisplayed" time="20.936"/>
  <testcase classname="executeClass.ExecuteManageUserPage" name="isDeleteButtonDisplayed" time="0.000">
    <skipped/>
  </testcase> <!-- isDeleteButtonDisplayed -->
  <testcase classname="executeClass.ExecuteManageUserPage" name="isResetButtonEnabled" time="0.000">
    <skipped/>
  </testcase> <!-- isResetButtonEnabled -->
  <testcase classname="executeClass.ExecuteManageUserPage" name="isResetButtonEnabled" time="23.258"/>
  <testcase classname="executeClass.ExecuteManageUserPage" name="isTheFirstPageOfTheUserListDisplayedAfterclickOnResetButton" time="61.568"/>
  <testcase classname="executeClass.ExecuteManageUserPage" name="isTheFirstPageOfTheUserListDisplayedAfterclickOnResetButton" time="0.000">
    <skipped/>
  </testcase> <!-- isTheFirstPageOfTheUserListDisplayedAfterclickOnResetButton -->
  <testcase classname="executeClass.ExecuteManageUserPage" name="isFooterDisplayedOrNot" time="20.219"/>
  <testcase classname="executeClass.ExecuteManageUserPage" name="isFooterDisplayedOrNot" time="0.000">
    <skipped/>
  </testcase> <!-- isFooterDisplayedOrNot -->
  <testcase classname="executeClass.ExecuteManageUserPage" name="isLogOutButtonVisible" time="32.525"/>
  <testcase classname="executeClass.ExecuteManageUserPage" name="isLogOutButtonVisible" time="0.000">
    <skipped/>
  </testcase> <!-- isLogOutButtonVisible -->
  <testcase classname="executeClass.ExecuteManageUserPage" name="verifySuccessfullyLoggedOut" time="0.000">
    <skipped/>
  </testcase> <!-- verifySuccessfullyLoggedOut -->
  <testcase classname="executeClass.ExecuteManageUserPage" name="verifySuccessfullyLoggedOut" time="11.995"/>
</testsuite> <!-- executeClass.ExecuteManageUserPage -->
