<?xml version="1.0" encoding="UTF-8"?>
<!-- Generated by org.testng.reporters.JUnitReportReporter -->
<testsuite hostname="DESKTOP-QDVRERG" failures="0" tests="4" name="executeClass.ExecuteLoginPage" time="34.085" errors="0" timestamp="22 May 2022 08:14:47 GMT" skipped="1">
  <testcase classname="executeClass.ExecuteLoginPage" name="verifyTheLoginPageLogo" time="8.975"/>
  <testcase classname="executeClass.ExecuteLoginPage" name="isRememberMeCheckBoxSelected" time="6.411"/>
  <testcase classname="executeClass.ExecuteLoginPage" name="verifySuccessfullLogin" time="18.699"/>
  <testcase classname="executeClass.ExecuteLoginPage" name="verifyUnsuccessfulLogin">
    <skipped/>
  </testcase> <!-- verifyUnsuccessfulLogin -->
</testsuite> <!-- executeClass.ExecuteLoginPage -->
